<?xml version="1.0" encoding="UTF-8"?>
<!-- Generated by org.testng.reporters.JUnitReportReporter -->
<testsuite skipped="0" hostname="DESKTOP-7CF6N7D" name="LeadTest.LeadTest" tests="1" failures="0" timestamp="15 Mar 2022 08:49:55 GMT" time="0.027" errors="0">
  <testcase name="laedtest" time="0.027" classname="LeadTest.LeadTest"/>
</testsuite> <!-- LeadTest.LeadTest -->
