<?xml version="1.0" encoding="UTF-8"?>
<!-- Generated by org.testng.reporters.JUnitReportReporter -->
<testsuite skipped="0" hostname="DESKTOP-7CF6N7D" name="ContactTest.ReadDataTest" tests="1" failures="0" timestamp="15 Mar 2022 08:49:42 GMT" time="0.016" errors="0">
  <testcase name="read" time="0.016" classname="ContactTest.ReadDataTest"/>
</testsuite> <!-- ContactTest.ReadDataTest -->
