<?xml version="1.0" encoding="UTF-8"?>
<!-- Generated by org.testng.reporters.JUnitReportReporter -->
<testsuite skipped="0" hostname="DESKTOP-7CF6N7D" name="OrgTest.LLTest" tests="1" failures="0" timestamp="15 Mar 2022 08:50:05 GMT" time="0.016" errors="0">
  <testcase name="leadtest" time="0.016" classname="OrgTest.LLTest"/>
</testsuite> <!-- OrgTest.LLTest -->
