<?xml version="1.0" encoding="UTF-8"?>
<!-- Generated by org.testng.reporters.JUnitReportReporter -->
<testsuite skipped="0" hostname="DESKTOP-7CF6N7D" name="ContactTest.OrganastionTest" tests="1" failures="0" timestamp="15 Mar 2022 08:48:34 GMT" time="0.016" errors="0">
  <testcase name="org" time="0.016" classname="ContactTest.OrganastionTest"/>
</testsuite> <!-- ContactTest.OrganastionTest -->
